<?xml version="1.0" encoding="utf-8"?><testsuites name="pytest tests"><testsuite name="pytest" errors="0" failures="0" skipped="0" tests="18" time="2.922" timestamp="2026-03-31T02:14:07.236865+00:00" hostname="agent-env-b854f79f-2141-4195-b44c-334ca49a0afe"><testcase classname="backend.tests.test_smart_planner.TestAuth" name="test_register_duplicate" time="0.527" /><testcase classname="backend.tests.test_smart_planner.TestAuth" name="test_login_admin" time="0.380" /><testcase classname="backend.tests.test_smart_planner.TestAuth" name="test_login_invalid" time="0.158" /><testcase classname="backend.tests.test_smart_planner.TestAuth" name="test_get_me" time="0.048" /><testcase classname="backend.tests.test_smart_planner.TestAuth" name="test_refresh_token" time="0.046" /><testcase classname="backend.tests.test_smart_planner.TestSubjects" name="test_create_subject" time="0.056" /><testcase classname="backend.tests.test_smart_planner.TestSubjects" name="test_get_subjects" time="0.048" /><testcase classname="backend.tests.test_smart_planner.TestSubjects" name="test_subject_has_topic_counts" time="0.051" /><testcase classname="backend.tests.test_smart_planner.TestTopics" name="test_create_topic" time="0.128" /><testcase classname="backend.tests.test_smart_planner.TestTopics" name="test_toggle_topic" time="0.204" /><testcase classname="backend.tests.test_smart_planner.TestSessions" name="test_create_session" time="0.115" /><testcase classname="backend.tests.test_smart_planner.TestSessions" name="test_get_sessions" time="0.154" /><testcase classname="backend.tests.test_smart_planner.TestSessions" name="test_session_with_date_filter" time="0.124" /><testcase classname="backend.tests.test_smart_planner.TestDashboard" name="test_dashboard_structure" time="0.060" /><testcase classname="backend.tests.test_smart_planner.TestPomodoro" name="test_log_pomodoro" time="0.075" /><testcase classname="backend.tests.test_smart_planner.TestPomodoro" name="test_get_pomodoro_stats" time="0.074" /><testcase classname="backend.tests.test_smart_planner.TestBruteForce" name="test_lockout_after_5_fails" time="0.464" /><testcase classname="backend.tests.test_smart_planner.TestLogout" name="test_logout" time="0.046" /></testsuite></testsuites>